#
# A fatal error has been detected by the Java Runtime Environment:
#
#  EXCEPTION_ACCESS_VIOLATION (0xc0000005) at pc=0x0000000076f4320e, pid=8036, tid=5736
#
# JRE version: Java(TM) SE Runtime Environment (8.0_20-b26) (build 1.8.0_20-b26)
# Java VM: Java HotSpot(TM) 64-Bit Server VM (25.20-b23 mixed mode windows-amd64 compressed oops)
# Problematic frame:
# C  [ntdll.dll+0x5320e]
#
# Failed to write core dump. Minidumps are not enabled by default on client versions of Windows
#
# If you would like to submit a bug report, please visit:
#   http://bugreport.sun.com/bugreport/crash.jsp
# The crash happened outside the Java Virtual Machine in native code.
# See problematic frame for where to report the bug.
#

---------------  T H R E A D  ---------------

Current thread (0x000000005a7d0800):  JavaThread "Thread-7" [_thread_in_native, id=5736, stack(0x000000005c560000,0x000000005c660000)]

siginfo: ExceptionCode=0xc0000005, reading address 0x00000002577dde2f

Registers:
RAX=0x000000005c65d828, RBX=0x00000002577dde20, RCX=0x00000000024c0000, RDX=0x0000000000000000
RSP=0x000000005c65d7b0, RBP=0x0000000000000000, RSI=0x00000000024c0000, RDI=0x00000002577dde30
R8 =0x00000002577dde30, R9 =0x000000690121001c, R10=0x0000000000000003, R11=0x000000005b10be40
R12=0x00000000000000f8, R13=0x0000000000000006, R14=0x00000000577dde40, R15=0x0000000000000003
RIP=0x0000000076f4320e, EFLAGS=0x0000000000010246

Top of Stack: (sp=0x000000005c65d7b0)
0x000000005c65d7b0:   0000000057985be0 000007fef785ed9a
0x000000005c65d7c0:   0000000000000000 0000000057985bd0
0x000000005c65d7d0:   0000000000000006 0000000000000000
0x000000005c65d7e0:   0000000058909140 000000005c65da80
0x000000005c65d7f0:   0000000000000003 00000000577dde40
0x000000005c65d800:   0000000000000006 00000000000000f8
0x000000005c65d810:   0000000000000000 0000000000000006
0x000000005c65d820:   000000005c65d9c0 0000000076df1a4a
0x000000005c65d830:   0000000000000006 fffffffffffffdd0
0x000000005c65d840:   0000000000000000 0000000000000006
0x000000005c65d850:   000000005c65d9c0 0000000065058d94
0x000000005c65d860:   00000000000000f8 fffffffffffffdd0
0x000000005c65d870:   0000000057985be0 000000005c65d9c0
0x000000005c65d880:   fffffffffffffdd0 000007fef7810d23
0x000000005c65d890:   0000df888b3bf7b0 000000f800000000
0x000000005c65d8a0:   00000000000000f8 0000000000000000 

Instructions: (pc=0x0000000076f4320e)
0x0000000076f431ee:   82 ec ab 01 00 f6 41 78 01 0f 85 51 aa 01 00 41
0x0000000076f431fe:   f6 c0 0f 0f 85 1f aa 01 00 49 8d 58 f0 0f 0d 0b
0x0000000076f4320e:   80 7b 0f 05 0f 84 d3 a9 01 00 f6 43 0f 3f 0f 84
0x0000000076f4321e:   d9 a9 01 00 48 85 db 0f 84 9b aa 01 00 80 7f ff 


Register to memory mapping:

RAX=0x000000005c65d828 is pointing into the stack for thread: 0x000000005a7d0800
RBX=0x00000002577dde20 is an unknown value
RCX=0x00000000024c0000 is an unknown value
RDX=0x0000000000000000 is an unknown value
RSP=0x000000005c65d7b0 is pointing into the stack for thread: 0x000000005a7d0800
RBP=0x0000000000000000 is an unknown value
RSI=0x00000000024c0000 is an unknown value
RDI=0x00000002577dde30 is an unknown value
R8 =0x00000002577dde30 is an unknown value
R9 =0x000000690121001c is an unknown value
R10=0x0000000000000003 is an unknown value
R11=0x000000005b10be40 is an unknown value
R12=0x00000000000000f8 is an unknown value
R13=0x0000000000000006 is an unknown value
R14=0x00000000577dde40 is an unknown value
R15=0x0000000000000003 is an unknown value


Stack: [0x000000005c560000,0x000000005c660000],  sp=0x000000005c65d7b0,  free space=1013k
Native frames: (J=compiled Java code, j=interpreted, Vv=VM code, C=native code)

Java frames: (J=compiled Java code, j=interpreted, Vv=VM code)
j  org.bytedeco.javacpp.opencv_legacy$CvEM.train(Lorg/bytedeco/javacpp/opencv_core$CvMat;Lorg/bytedeco/javacpp/opencv_core$CvMat;Lorg/bytedeco/javacpp/opencv_legacy$CvEMParams;Lorg/bytedeco/javacpp/opencv_core$CvMat;)Z+0
j  code.Position.run()V+334
v  ~StubRoutines::call_stub

---------------  P R O C E S S  ---------------

Java Threads: ( => current thread )
  0x000000005a986000 JavaThread "Thread-1" [_thread_in_native, id=3300, stack(0x000000005c680000,0x000000005c780000)]
=>0x000000005a7d0800 JavaThread "Thread-7" [_thread_in_native, id=5736, stack(0x000000005c560000,0x000000005c660000)]
  0x000000005b00d800 JavaThread "Image Fetcher 0" daemon [_thread_blocked, id=5652, stack(0x000000005d110000,0x000000005d210000)]
  0x000000005ac36800 JavaThread "Thread-3" [_thread_in_native, id=7428, stack(0x0000000059a00000,0x0000000059b00000)]
  0x000000005aee5800 JavaThread "Thread-4" [_thread_blocked, id=5020, stack(0x0000000059430000,0x0000000059530000)]
  0x000000005b069800 JavaThread "Thread-2" [_thread_blocked, id=5256, stack(0x0000000059570000,0x0000000059670000)]
  0x000000005a5e9000 JavaThread "TimerQueue" daemon [_thread_blocked, id=7188, stack(0x00000000592a0000,0x00000000593a0000)]
  0x00000000024ce800 JavaThread "DestroyJavaVM" [_thread_blocked, id=7316, stack(0x00000000025c0000,0x00000000026c0000)]
  0x0000000058767000 JavaThread "AWT-EventQueue-0" [_thread_blocked, id=3800, stack(0x0000000059150000,0x0000000059250000)]
  0x00000000579ee000 JavaThread "AWT-Windows" daemon [_thread_in_native, id=4724, stack(0x0000000058f60000,0x0000000059060000)]
  0x00000000579ed000 JavaThread "AWT-Shutdown" [_thread_blocked, id=7656, stack(0x0000000058070000,0x0000000058170000)]
  0x00000000579eb800 JavaThread "Java2D Disposer" daemon [_thread_blocked, id=7828, stack(0x0000000058660000,0x0000000058760000)]
  0x000000005767b000 JavaThread "Service Thread" daemon [_thread_blocked, id=5128, stack(0x0000000058300000,0x0000000058400000)]
  0x000000005760c800 JavaThread "C1 CompilerThread2" daemon [_thread_blocked, id=7884, stack(0x0000000058190000,0x0000000058290000)]
  0x000000005760b000 JavaThread "C2 CompilerThread1" daemon [_thread_blocked, id=7208, stack(0x0000000057f40000,0x0000000058040000)]
  0x00000000575fa000 JavaThread "C2 CompilerThread0" daemon [_thread_blocked, id=4880, stack(0x0000000057dd0000,0x0000000057ed0000)]
  0x00000000575f8800 JavaThread "Attach Listener" daemon [_thread_blocked, id=7936, stack(0x0000000057a60000,0x0000000057b60000)]
  0x00000000561b4000 JavaThread "Signal Dispatcher" daemon [_thread_blocked, id=6384, stack(0x0000000057b90000,0x0000000057c90000)]
  0x0000000056158000 JavaThread "Finalizer" daemon [_thread_blocked, id=7944, stack(0x00000000573d0000,0x00000000574d0000)]
  0x000000005614d000 JavaThread "Reference Handler" daemon [_thread_blocked, id=5976, stack(0x00000000574f0000,0x00000000575f0000)]

Other Threads:
  0x0000000056145000 VMThread [stack: 0x00000000572d0000,0x00000000573d0000] [id=2652]
  0x000000005769c800 WatcherThread [stack: 0x0000000058510000,0x0000000058610000] [id=8020]

VM state:not at safepoint (normal execution)

VM Mutex/Monitor currently owned by a thread: None

Heap:
 PSYoungGen      total 28672K, used 22323K [0x00000000e0300000, 0x00000000e3b00000, 0x0000000100000000)
  eden space 24576K, 74% used [0x00000000e0300000,0x00000000e14f5708,0x00000000e1b00000)
  from space 4096K, 96% used [0x00000000e1b00000,0x00000000e1ed7630,0x00000000e1f00000)
  to   space 4096K, 0% used [0x00000000e3700000,0x00000000e3700000,0x00000000e3b00000)
 ParOldGen       total 65536K, used 31K [0x00000000a0800000, 0x00000000a4800000, 0x00000000e0300000)
  object space 65536K, 0% used [0x00000000a0800000,0x00000000a0807c60,0x00000000a4800000)
 Metaspace       used 15205K, capacity 15402K, committed 15616K, reserved 1062912K
  class space    used 1917K, capacity 1966K, committed 2048K, reserved 1048576K

Card table byte_map: [0x0000000011a80000,0x0000000011d80000] byte_map_base: 0x000000001157c000

Marking Bits: (ParMarkBitMap*) 0x000000006aeeb460
 Begin Bits: [0x0000000012500000, 0x0000000013ce0000)
 End Bits:   [0x0000000013ce0000, 0x00000000154c0000)

Polling page: 0x0000000000140000

CodeCache: size=245760Kb used=5193Kb max_used=5203Kb free=240566Kb
 bounds [0x00000000026c0000, 0x0000000002be0000, 0x00000000116c0000]
 total_blobs=2077 nmethods=1413 adapters=578
 compilation: enabled

Compilation events (10 events):
Event: 8.343 Thread 0x000000005760c800 1409       3       java.awt.EventQueue::cacheEQItem (60 bytes)
Event: 8.343 Thread 0x000000005760c800 nmethod 1409 0x0000000002bce710 code [0x0000000002bce8a0, 0x0000000002bcefc8]
Event: 8.343 Thread 0x000000005760c800 1410       3       java.awt.EventDispatchThread$HierarchyEventFilter::acceptEvent (225 bytes)
Event: 8.344 Thread 0x000000005760c800 nmethod 1410 0x0000000002bcf1d0 code [0x0000000002bcf400, 0x0000000002bd05e8]
Event: 8.357 Thread 0x000000005760c800 1412       3       java.awt.EventQueue::getPriority (78 bytes)
Event: 8.358 Thread 0x000000005760c800 nmethod 1412 0x0000000002bd0910 code [0x0000000002bd0ac0, 0x0000000002bd1288]
Event: 8.358 Thread 0x000000005760c800 1414       1       javax.swing.RepaintManager::isDoubleBufferingEnabled (5 bytes)
Event: 8.358 Thread 0x000000005760c800 nmethod 1414 0x0000000002bd13d0 code [0x0000000002bd1520, 0x0000000002bd1630]
Event: 8.358 Thread 0x000000005760c800 1413       3       java.awt.EventQueue::postEvent (172 bytes)
Event: 8.359 Thread 0x000000005760c800 nmethod 1413 0x0000000002bd1690 code [0x0000000002bd1940, 0x0000000002bd2b18]

GC Heap History (2 events):
Event: 0.955 GC heap before
{Heap before GC invocations=1 (full 0):
 PSYoungGen      total 28672K, used 24576K [0x00000000e0300000, 0x00000000e2300000, 0x0000000100000000)
  eden space 24576K, 100% used [0x00000000e0300000,0x00000000e1b00000,0x00000000e1b00000)
  from space 4096K, 0% used [0x00000000e1f00000,0x00000000e1f00000,0x00000000e2300000)
  to   space 4096K, 0% used [0x00000000e1b00000,0x00000000e1b00000,0x00000000e1f00000)
 ParOldGen       total 65536K, used 0K [0x00000000a0800000, 0x00000000a4800000, 0x00000000e0300000)
  object space 65536K, 0% used [0x00000000a0800000,0x00000000a0800000,0x00000000a4800000)
 Metaspace       used 11095K, capacity 11186K, committed 11520K, reserved 1058816K
  class space    used 1377K, capacity 1418K, committed 1536K, reserved 1048576K
Event: 0.986 GC heap after
Heap after GC invocations=1 (full 0):
 PSYoungGen      total 28672K, used 3933K [0x00000000e0300000, 0x00000000e3b00000, 0x0000000100000000)
  eden space 24576K, 0% used [0x00000000e0300000,0x00000000e0300000,0x00000000e1b00000)
  from space 4096K, 96% used [0x00000000e1b00000,0x00000000e1ed7630,0x00000000e1f00000)
  to   space 4096K, 0% used [0x00000000e3700000,0x00000000e3700000,0x00000000e3b00000)
 ParOldGen       total 65536K, used 31K [0x00000000a0800000, 0x00000000a4800000, 0x00000000e0300000)
  object space 65536K, 0% used [0x00000000a0800000,0x00000000a0807c60,0x00000000a4800000)
 Metaspace       used 11095K, capacity 11186K, committed 11520K, reserved 1058816K
  class space    used 1377K, capacity 1418K, committed 1536K, reserved 1048576K
}

Deoptimization events (10 events):
Event: 0.919 Thread 0x0000000058767000 Uncommon trap: reason=class_check action=maybe_recompile pc=0x00000000028ed05c method=java.util.HashMap.putVal(ILjava/lang/Object;Ljava/lang/Object;ZZ)Ljava/lang/Object; @ 91
Event: 0.919 Thread 0x0000000058767000 Uncommon trap: reason=class_check action=maybe_recompile pc=0x00000000028ed05c method=java.util.HashMap.putVal(ILjava/lang/Object;Ljava/lang/Object;ZZ)Ljava/lang/Object; @ 91
Event: 0.919 Thread 0x0000000058767000 Uncommon trap: reason=class_check action=maybe_recompile pc=0x00000000028ed05c method=java.util.HashMap.putVal(ILjava/lang/Object;Ljava/lang/Object;ZZ)Ljava/lang/Object; @ 91
Event: 1.493 Thread 0x0000000058767000 Uncommon trap: reason=bimorphic action=maybe_recompile pc=0x00000000029b9bf4 method=java.util.HashMap.getNode(ILjava/lang/Object;)Ljava/util/HashMap$Node; @ 126
Event: 1.494 Thread 0x0000000058767000 Uncommon trap: reason=bimorphic action=maybe_recompile pc=0x00000000029b9bf4 method=java.util.HashMap.getNode(ILjava/lang/Object;)Ljava/util/HashMap$Node; @ 126
Event: 1.495 Thread 0x0000000058767000 Uncommon trap: reason=bimorphic action=maybe_recompile pc=0x00000000029b9bf4 method=java.util.HashMap.getNode(ILjava/lang/Object;)Ljava/util/HashMap$Node; @ 126
Event: 1.495 Thread 0x0000000058767000 Uncommon trap: reason=bimorphic action=maybe_recompile pc=0x00000000029b9bf4 method=java.util.HashMap.getNode(ILjava/lang/Object;)Ljava/util/HashMap$Node; @ 126
Event: 4.456 Thread 0x00000000579ee000 Uncommon trap: reason=class_check action=maybe_recompile pc=0x0000000002a0fa3c method=java.util.HashMap.putVal(ILjava/lang/Object;Ljava/lang/Object;ZZ)Ljava/lang/Object; @ 203
Event: 4.457 Thread 0x00000000579ee000 Uncommon trap: reason=bimorphic action=maybe_recompile pc=0x0000000002a0fa68 method=java.util.HashMap.putVal(ILjava/lang/Object;Ljava/lang/Object;ZZ)Ljava/lang/Object; @ 91
Event: 4.457 Thread 0x00000000579ee000 Uncommon trap: reason=class_check action=maybe_recompile pc=0x0000000002a0fa3c method=java.util.HashMap.putVal(ILjava/lang/Object;Ljava/lang/Object;ZZ)Ljava/lang/Object; @ 203

Internal exceptions (10 events):
Event: 4.438 Thread 0x0000000058767000 Exception <a 'java/security/PrivilegedActionException'> (0x00000000e12402b0) thrown at [D:\re\workspace\8-2-build-windows-amd64-cygwin\jdk8u20\1074\hotspot\src\share\vm\prims\jvm.cpp, line 1275]
Event: 4.439 Thread 0x0000000058767000 Exception <a 'java/security/PrivilegedActionException'> (0x00000000e1242978) thrown at [D:\re\workspace\8-2-build-windows-amd64-cygwin\jdk8u20\1074\hotspot\src\share\vm\prims\jvm.cpp, line 1275]
Event: 4.440 Thread 0x0000000058767000 Exception <a 'java/security/PrivilegedActionException'> (0x00000000e1245040) thrown at [D:\re\workspace\8-2-build-windows-amd64-cygwin\jdk8u20\1074\hotspot\src\share\vm\prims\jvm.cpp, line 1275]
Event: 4.440 Thread 0x0000000058767000 Exception <a 'java/security/PrivilegedActionException'> (0x00000000e1247778) thrown at [D:\re\workspace\8-2-build-windows-amd64-cygwin\jdk8u20\1074\hotspot\src\share\vm\prims\jvm.cpp, line 1275]
Event: 4.452 Thread 0x0000000058767000 Exception <a 'java/security/PrivilegedActionException'> (0x00000000e125cd80) thrown at [D:\re\workspace\8-2-build-windows-amd64-cygwin\jdk8u20\1074\hotspot\src\share\vm\prims\jvm.cpp, line 1275]
Event: 4.453 Thread 0x0000000058767000 Exception <a 'java/security/PrivilegedActionException'> (0x00000000e125e2a8) thrown at [D:\re\workspace\8-2-build-windows-amd64-cygwin\jdk8u20\1074\hotspot\src\share\vm\prims\jvm.cpp, line 1275]
Event: 4.482 Thread 0x000000005b00d800 Exception <a 'java/io/FileNotFoundException'> (0x00000000e13006e8) thrown at [D:\re\workspace\8-2-build-windows-amd64-cygwin\jdk8u20\1074\hotspot\src\share\vm\prims\jni.cpp, line 716]
Event: 8.000 Thread 0x000000005a7d0800 Exception <a 'java/io/FileNotFoundException'> (0x00000000e14a4680) thrown at [D:\re\workspace\8-2-build-windows-amd64-cygwin\jdk8u20\1074\hotspot\src\share\vm\prims\jni.cpp, line 716]
Event: 8.003 Thread 0x000000005a7d0800 Exception <a 'java/security/PrivilegedActionException'> (0x00000000e14abdc0) thrown at [D:\re\workspace\8-2-build-windows-amd64-cygwin\jdk8u20\1074\hotspot\src\share\vm\prims\jvm.cpp, line 1275]
Event: 8.003 Thread 0x000000005a7d0800 Exception <a 'java/security/PrivilegedActionException'> (0x00000000e14b0158) thrown at [D:\re\workspace\8-2-build-windows-amd64-cygwin\jdk8u20\1074\hotspot\src\share\vm\prims\jvm.cpp, line 1275]

Events (10 events):
Event: 7.999 loading class java/nio/DirectFloatBufferU
Event: 7.999 loading class java/nio/DirectFloatBufferU done
Event: 8.000 loading class java/lang/Throwable$WrappedPrintStream
Event: 8.000 loading class java/lang/Throwable$PrintStreamOrWriter
Event: 8.000 loading class java/lang/Throwable$PrintStreamOrWriter done
Event: 8.000 loading class java/lang/Throwable$WrappedPrintStream done
Event: 8.003 loading class org/bytedeco/javacpp/opencv_ml$ForestTreeBestSplitFinder
Event: 8.003 loading class org/bytedeco/javacpp/opencv_ml$ForestTreeBestSplitFinder done
Event: 8.003 loading class org/bytedeco/javacpp/opencv_ml$DTreeBestSplitFinder
Event: 8.003 loading class org/bytedeco/javacpp/opencv_ml$DTreeBestSplitFinder done


Dynamic libraries:
0x000000013f360000 - 0x000000013f394000 	C:\Program Files\Java\jre1.8.0_20\bin\javaw.exe
0x0000000076ef0000 - 0x0000000077099000 	C:\Windows\SYSTEM32\ntdll.dll
0x0000000076dd0000 - 0x0000000076eef000 	C:\Windows\system32\kernel32.dll
0x000007fefcf90000 - 0x000007fefcffc000 	C:\Windows\system32\KERNELBASE.dll
0x000007fefd2b0000 - 0x000007fefd38b000 	C:\Windows\system32\ADVAPI32.dll
0x000007fefd630000 - 0x000007fefd6cf000 	C:\Windows\system32\msvcrt.dll
0x000007fefdaf0000 - 0x000007fefdb0f000 	C:\Windows\SYSTEM32\sechost.dll
0x000007fefd390000 - 0x000007fefd4bd000 	C:\Windows\system32\RPCRT4.dll
0x0000000076cd0000 - 0x0000000076dca000 	C:\Windows\system32\USER32.dll
0x000007fefdfd0000 - 0x000007fefe037000 	C:\Windows\system32\GDI32.dll
0x000007fefdf40000 - 0x000007fefdf4e000 	C:\Windows\system32\LPK.dll
0x000007fefd110000 - 0x000007fefd1d9000 	C:\Windows\system32\USP10.dll
0x000007fefb540000 - 0x000007fefb734000 	C:\Windows\WinSxS\amd64_microsoft.windows.common-controls_6595b64144ccf1df_6.0.7601.17514_none_fa396087175ac9ac\COMCTL32.dll
0x000007fefdf50000 - 0x000007fefdfc1000 	C:\Windows\system32\SHLWAPI.dll
0x000007fefd1e0000 - 0x000007fefd20e000 	C:\Windows\system32\IMM32.DLL
0x000007fefedf0000 - 0x000007fefeef9000 	C:\Windows\system32\MSCTF.dll
0x0000000064ff0000 - 0x00000000650c2000 	C:\Program Files\Java\jre1.8.0_20\bin\msvcr100.dll
0x000000006a710000 - 0x000000006af68000 	C:\Program Files\Java\jre1.8.0_20\bin\server\jvm.dll
0x000007fef84a0000 - 0x000007fef84a9000 	C:\Windows\system32\WSOCK32.dll
0x000007fefd0c0000 - 0x000007fefd10d000 	C:\Windows\system32\WS2_32.dll
0x000007feff1f0000 - 0x000007feff1f8000 	C:\Windows\system32\NSI.dll
0x000007fefa0e0000 - 0x000007fefa11b000 	C:\Windows\system32\WINMM.dll
0x00000000770b0000 - 0x00000000770b7000 	C:\Windows\system32\PSAPI.DLL
0x00000000728d0000 - 0x00000000728df000 	C:\Program Files\Java\jre1.8.0_20\bin\verify.dll
0x00000000728a0000 - 0x00000000728c8000 	C:\Program Files\Java\jre1.8.0_20\bin\java.dll
0x0000000072880000 - 0x0000000072896000 	C:\Program Files\Java\jre1.8.0_20\bin\zip.dll
0x000007fefe060000 - 0x000007fefede8000 	C:\Windows\system32\SHELL32.dll
0x000007fefefe0000 - 0x000007feff1e3000 	C:\Windows\system32\ole32.dll
0x000007fefcd00000 - 0x000007fefcd0f000 	C:\Windows\system32\profapi.dll
0x000000006c150000 - 0x000000006c2e8000 	C:\Program Files\Java\jre1.8.0_20\bin\awt.dll
0x000007fefef00000 - 0x000007fefefd7000 	C:\Windows\system32\OLEAUT32.dll
0x000007fefbea0000 - 0x000007fefbef6000 	C:\Windows\system32\uxtheme.dll
0x000007fefaff0000 - 0x000007fefb008000 	C:\Windows\system32\dwmapi.dll
0x000007fefcb60000 - 0x000007fefcb6f000 	C:\Windows\system32\CRYPTBASE.dll
0x000000006c520000 - 0x000000006c567000 	C:\Program Files\Java\jre1.8.0_20\bin\fontmanager.dll
0x0000000068ff0000 - 0x000000006900a000 	C:\Program Files\Java\jre1.8.0_20\bin\net.dll
0x000007fefc590000 - 0x000007fefc5e5000 	C:\Windows\system32\mswsock.dll
0x000007fefc560000 - 0x000007fefc567000 	C:\Windows\System32\wship6.dll
0x0000000068df0000 - 0x0000000068e01000 	C:\Program Files\Java\jre1.8.0_20\bin\nio.dll
0x000000006c440000 - 0x000000006c481000 	C:\Program Files\Java\jre1.8.0_20\bin\t2k.dll
0x0000000064f10000 - 0x0000000064fe1000 	C:\Users\Fibonacci\AppData\Local\Temp\javacpp99072245902777\msvcr100.dll
0x0000000064e70000 - 0x0000000064f08000 	C:\Users\Fibonacci\AppData\Local\Temp\javacpp99072245902777\msvcp100.dll
0x000007fef7800000 - 0x000007fef7a72000 	C:\Users\Fibonacci\AppData\Local\Temp\javacpp99072245902777\opencv_core249.dll
0x000007fef8110000 - 0x000007fef82b5000 	C:\Users\Fibonacci\AppData\Local\Temp\javacpp99072245902777\jniopencv_core.dll
0x000007fee52b0000 - 0x000007fee5564000 	C:\Users\Fibonacci\AppData\Local\Temp\javacpp99072245902777\opencv_imgproc249.dll
0x000007fef7df0000 - 0x000007fef7e93000 	C:\Users\Fibonacci\AppData\Local\Temp\javacpp99072245902777\jniopencv_imgproc.dll
0x0000000066840000 - 0x00000000676b4000 	C:\Users\Fibonacci\AppData\Local\Temp\javacpp99072245902777\opencv_ffmpeg249_64.dll
0x000007fee5060000 - 0x000007fee52ad000 	C:\Users\Fibonacci\AppData\Local\Temp\javacpp99072245902777\opencv_highgui249.dll
0x000007fef9ab0000 - 0x000007fef9acf000 	C:\Windows\system32\AVIFIL32.dll
0x000007fefabe0000 - 0x000007fefabf8000 	C:\Windows\system32\MSACM32.dll
0x000007fef80b0000 - 0x000007fef80d9000 	C:\Windows\system32\MSVFW32.dll
0x000007fef9a90000 - 0x000007fef9aa7000 	C:\Windows\system32\AVICAP32.dll
0x000007fefc190000 - 0x000007fefc19c000 	C:\Windows\system32\VERSION.dll
0x000007fef7c70000 - 0x000007fef7cbf000 	C:\Users\Fibonacci\AppData\Local\Temp\javacpp99072245902777\jniopencv_highgui.dll
0x000007fef7bd0000 - 0x000007fef7c69000 	C:\Users\Fibonacci\AppData\Local\Temp\javacpp99072245902777\opencv_flann249.dll
0x000007fef80f0000 - 0x000007fef810c000 	C:\Users\Fibonacci\AppData\Local\Temp\javacpp99072245902777\jniopencv_flann.dll
0x000007fee6be0000 - 0x000007fee6cb7000 	C:\Users\Fibonacci\AppData\Local\Temp\javacpp99072245902777\opencv_features2d249.dll
0x000007fee69b0000 - 0x000007fee6a12000 	C:\Users\Fibonacci\AppData\Local\Temp\javacpp99072245902777\jniopencv_features2d.dll
0x000007fee6100000 - 0x000007fee61eb000 	C:\Users\Fibonacci\AppData\Local\Temp\javacpp99072245902777\opencv_calib3d249.dll
0x000007fef5360000 - 0x000007fef53a1000 	C:\Users\Fibonacci\AppData\Local\Temp\javacpp99072245902777\jniopencv_calib3d.dll
0x000007fee68a0000 - 0x000007fee690f000 	C:\Users\Fibonacci\AppData\Local\Temp\javacpp99072245902777\opencv_video249.dll
0x000007fef77d0000 - 0x000007fef77f7000 	C:\Users\Fibonacci\AppData\Local\Temp\javacpp99072245902777\jniopencv_video.dll
0x000007fee6060000 - 0x000007fee60f4000 	C:\Users\Fibonacci\AppData\Local\Temp\javacpp99072245902777\opencv_ml249.dll
0x000007fee4fc0000 - 0x000007fee505b000 	C:\Users\Fibonacci\AppData\Local\Temp\javacpp99072245902777\jniopencv_ml.dll
0x000007fee4e50000 - 0x000007fee4fbe000 	C:\Users\Fibonacci\AppData\Local\Temp\javacpp99072245902777\opencv_legacy249.dll
0x000007fee4ce0000 - 0x000007fee4e48000 	C:\Users\Fibonacci\AppData\Local\Temp\javacpp99072245902777\jniopencv_legacy.dll
0x000007fefde20000 - 0x000007fefdeb9000 	C:\Windows\system32\CLBCatQ.DLL
0x000007fefae40000 - 0x000007fefafa1000 	C:\Windows\system32\WindowsCodecs.dll
0x000007fefcb00000 - 0x000007fefcb57000 	C:\Windows\system32\apphelp.dll
0x000007fef4e10000 - 0x000007fef4e45000 	C:\Windows\system32\EhStorShell.dll
0x000007fefd910000 - 0x000007fefdae7000 	C:\Windows\system32\SETUPAPI.dll
0x000007fefcd50000 - 0x000007fefcd86000 	C:\Windows\system32\CFGMGR32.dll
0x000007fefcd30000 - 0x000007fefcd4a000 	C:\Windows\system32\DEVOBJ.dll
0x000007fefb410000 - 0x000007fefb53c000 	C:\Windows\system32\PROPSYS.dll
0x000007fef47a0000 - 0x000007fef4e0f000 	C:\PROGRA~1\MICROS~1\Office14\GROOVEEX.DLL
0x0000000071020000 - 0x00000000710c3000 	C:\Windows\WinSxS\amd64_microsoft.vc90.crt_1fc8b3b9a1e18e3b_9.0.30729.6161_none_08e61857a83bc251\MSVCR90.dll
0x0000000070f30000 - 0x0000000071003000 	C:\Windows\WinSxS\amd64_microsoft.vc90.crt_1fc8b3b9a1e18e3b_9.0.30729.6161_none_08e61857a83bc251\MSVCP90.dll
0x000000006d780000 - 0x000000006d7af000 	C:\Windows\WinSxS\amd64_microsoft.vc90.atl_1fc8b3b9a1e18e3b_9.0.30729.6161_none_0a1fd3a3a768b895\ATL90.DLL
0x000007fef4380000 - 0x000007fef479a000 	C:\PROGRA~1\COMMON~1\MICROS~1\OFFICE14\Cultures\office.odf
0x000007fef3b60000 - 0x000007fef4372000 	C:\PROGRA~1\MICROS~1\Office14\1028\GrooveIntlResource.dll
0x000007fef3ae0000 - 0x000007fef3b5e000 	C:\Windows\System32\cscui.dll
0x000007fef4e60000 - 0x000007fef4e6c000 	C:\Windows\System32\CSCDLL.dll
0x000007fef64d0000 - 0x000007fef64df000 	C:\Windows\system32\CSCAPI.dll
0x000007fef3a60000 - 0x000007fef3ae0000 	C:\Windows\system32\ntshrui.dll
0x000007fefc780000 - 0x000007fefc7a3000 	C:\Windows\system32\srvcli.dll
0x000007fefa190000 - 0x000007fefa19b000 	C:\Windows\system32\slc.dll
0x000007fef38c0000 - 0x000007fef39e5000 	C:\Windows\system32\dbghelp.dll

VM Arguments:
jvm_args: -Dfile.encoding=UTF-8 
java_command: code.Server
java_class_path (initial): C:\Users\Fibonacci\git\AmigoServer\Server\bin;C:\Users\Fibonacci\git\AmigoServer\Server\javacv-bin\ffmpeg.jar;C:\Users\Fibonacci\git\AmigoServer\Server\javacv-bin\ffmpeg-windows-x86.jar;C:\Users\Fibonacci\git\AmigoServer\Server\javacv-bin\javacpp.jar;C:\Users\Fibonacci\git\AmigoServer\Server\javacv-bin\javacv.jar;C:\Users\Fibonacci\git\AmigoServer\Server\javacv-bin\opencv.jar;C:\Users\Fibonacci\Downloads\AVIDemo.jar
Launcher Type: SUN_STANDARD

Environment Variables:
PATH=C:/Program Files/Java/jre1.8.0_20/bin/server;C:/Program Files/Java/jre1.8.0_20/bin;C:/Program Files/Java/jre1.8.0_20/lib/amd64;C:\ProgramData\Oracle\Java\javapath;C:\Windows\system32;C:\Windows;C:\Windows\System32\Wbem;C:\Windows\System32\WindowsPowerShell\v1.0\;C:\Program Files\OpenNI\Bin64;C:\Program Files\PrimeSense\NITE\bin64;C:\Program Files (x86)\Autodesk\Backburner\;C:\Program Files\Common Files\Autodesk Shared\;;C:\Program Files (x86)\PrimeSense\NITE\bin;C:\Program Files\Microsoft\Web Platform Installer\;C:\Program Files (x86)\Microsoft ASP.NET\ASP.NET Web Pages\v1.0\;C:\Program Files\Microsoft SQL Server\110\Tools\Binn\;C:\Program Files (x86)\Microsoft SQL Server\90\Tools\binn\;C:\Program Files (x86)\Java\jdk1.8.0;C:\Program Files (x86)\Windows Kits\8.1\Windows Performance Toolkit\;C:\Program Files (x86)\Microsoft SDKs\TypeScript\1.0\;D:\WT-NMP\bin;C:\Program Files\nodejs\ D:\program\opencv249\opencv\build\x64\vc12\bin;C:\Program Files\Java\jdk1.8.0_20\bin;C:\Program Files\Java\jdk1.8.0_20\jre\bin;C:\Program Files (x86)\Java\jdk1.8.0\bin;C:\Program Files (x86)\Java\jdk1.8.0\jre\bin;C:\Users\Fibonacci\AppData\Roaming\npm;D:\program\eclipse;
USERNAME=Fibonacci
OS=Windows_NT
PROCESSOR_IDENTIFIER=Intel64 Family 6 Model 23 Stepping 10, GenuineIntel



---------------  S Y S T E M  ---------------

OS: Windows 7 , 64 bit Build 7601 Service Pack 1

CPU:total 4 (4 cores per cpu, 1 threads per core) family 6 model 23 stepping 10, cmov, cx8, fxsr, mmx, sse, sse2, sse3, ssse3, sse4.1, tsc

Memory: 4k page, physical 6255668k(1620160k free), swap 12509472k(6593936k free)

vm_info: Java HotSpot(TM) 64-Bit Server VM (25.20-b23) for windows-amd64 JRE (1.8.0_20-b26), built on Jul 30 2014 13:51:23 by "java_re" with MS VC++ 10.0 (VS2010)

time: Sat Oct 04 17:39:02 2014
elapsed time: 8 seconds (0d 0h 0m 8s)

